<?xml version="1.0" encoding="UTF-8"?>
<!-- Generated by org.testng.reporters.JUnitXMLReporter -->
<testsuite ignored="0" hostname="Wala2s-MacBook-Air.local" failures="1" tests="1" name="extent Report Tests" time="11.699" errors="0" timestamp="2024-08-06T20:22:24 AST">
  <testcase classname="smokeTests.loginPage" name="login" time="11.026">
    <failure type="java.lang.AssertionError" message="expected [Welcome, cypress user!] but found [Welcome, Cypress User!]">
      <![CDATA[java.lang.AssertionError: expected [Welcome, cypress user!] but found [Welcome, Cypress User!]
at pageObjects.Assertions.checkHeaderIsContain(Assertions.java:22)
at smokeTests.loginPage.login(loginPage.java:73)
at java.base/java.util.ArrayList.forEach(ArrayList.java:1597)
... Removed 31 stack frames]]>
    </failure>
  </testcase> <!-- login -->
</testsuite> <!-- extent Report Tests -->
