<?xml version="1.0" encoding="UTF-8"?>
<!-- Generated by org.testng.reporters.JUnitReportReporter -->
<testsuite hostname="Wala2s-MacBook-Air.local" failures="0" tests="5" name="smokeTests.homePage" time="2.558" errors="0" timestamp="2024-08-04T21:14:18 AST" skipped="4">
  <testcase classname="smokeTests.homePage" name="filter" time="2.558"/>
  <system-out/>
  <testcase classname="smokeTests.homePage" name="search">
    <skipped/>
  </testcase> <!-- search -->
  <system-out/>
  <testcase classname="smokeTests.homePage" name="printCategoryName">
    <skipped/>
  </testcase> <!-- printCategoryName -->
  <system-out/>
  <testcase classname="smokeTests.homePage" name="myTest1">
    <skipped/>
  </testcase> <!-- myTest1 -->
  <system-out/>
  <testcase classname="smokeTests.homePage" name="login">
    <skipped/>
  </testcase> <!-- login -->
  <system-out/>
</testsuite> <!-- smokeTests.homePage -->
